[2026-06-23T00:58:13.975Z] [ERROR] [object Object]
[2026-06-23T00:58:14.979Z] [INFO] Started app and its services...
[2026-06-23T01:02:25.111Z] [ERROR] [object Object]
[2026-06-23T01:02:26.385Z] [INFO] Started app and its services...
[2026-06-23T01:10:29.308Z] [ERROR] [object Object]
[2026-06-23T01:10:30.989Z] [INFO] Started app and its services...
[2026-06-23T01:16:02.625Z] [ERROR] [object Object]
[2026-06-23T01:16:03.405Z] [INFO] Started app and its services...
[2026-06-23T01:23:57.847Z] [ERROR] [object Object]
[2026-06-23T01:23:58.597Z] [INFO] Started app and its services...
[2026-06-23T01:33:58.197Z] [ERROR] [object Object]
[2026-06-23T01:33:59.002Z] [INFO] Started app and its services...
[2026-06-23T01:44:17.538Z] [ERROR] [object Object]
[2026-06-23T01:44:19.603Z] [INFO] Started app and its services...
[2026-06-23T02:00:17.468Z] [ERROR] [object Object]
[2026-06-23T02:00:18.235Z] [INFO] Started app and its services...
[2026-06-23T02:00:18.399Z] [ERROR] Unhandled rejection: undefined
Stack: undefined
[2026-06-23T02:04:43.104Z] [ERROR] [object Object]
[2026-06-23T02:04:44.046Z] [INFO] Started app and its services...
[2026-06-23T02:16:26.048Z] [ERROR] [object Object]
[2026-06-23T02:16:27.374Z] [INFO] Started app and its services...
[2026-06-23T09:59:40.471Z] [ERROR] [object Object]
[2026-06-23T09:59:42.284Z] [INFO] Started app and its services...
[2026-06-23T10:06:11.256Z] [ERROR] Unhandled rejection: Path not found
Stack: undefined
[2026-06-23T10:06:23.020Z] [ERROR] Unhandled rejection: Unknown reason
Stack: No stack available
[2026-06-23T10:10:13.852Z] [WARN] Palette already removed.
[2026-06-23T10:23:03.974Z] [ERROR] [object Object]
[2026-06-23T10:23:07.018Z] [INFO] Started app and its services...
[2026-06-23T11:34:30.214Z] [ERROR] [object Object]
[2026-06-23T11:34:31.042Z] [ERROR] Unhandled rejection: undefined
Stack: undefined
[2026-06-23T11:34:31.139Z] [INFO] Started app and its services...
[2026-06-23T11:38:41.981Z] [ERROR] [object Object]
[2026-06-23T11:39:29.340Z] [ERROR] [object Object]
[2026-06-23T11:40:34.484Z] [ERROR] [object Object]
[2026-06-23T11:40:35.323Z] [INFO] Started app and its services...
[2026-06-23T23:36:47.521Z] [ERROR] [object Object]
[2026-06-23T23:36:49.216Z] [INFO] Started app and its services...
[2026-06-23T23:38:50.864Z] [ERROR] [object Object]
[2026-06-23T23:38:51.874Z] [INFO] Started app and its services...
[2026-06-23T23:45:03.443Z] [ERROR] [object Object]
[2026-06-23T23:45:05.233Z] [INFO] Started app and its services...
[2026-06-23T23:53:09.368Z] [ERROR] [object Object]
[2026-06-23T23:53:10.720Z] [INFO] Started app and its services...
[2026-06-24T00:02:59.346Z] [ERROR] [object Object]
[2026-06-24T00:03:00.088Z] [INFO] Started app and its services...
[2026-06-24T00:14:46.489Z] [ERROR] [object Object]
[2026-06-24T00:14:47.512Z] [INFO] Started app and its services...
[2026-06-24T00:23:47.017Z] [ERROR] [object Object]
[2026-06-24T00:23:47.755Z] [INFO] Started app and its services...
[2026-06-24T00:49:29.513Z] [ERROR] [object Object]
[2026-06-24T00:49:30.337Z] [INFO] Started app and its services...
[2026-06-24T00:57:11.999Z] [ERROR] [object Object]
[2026-06-24T00:57:13.000Z] [INFO] Started app and its services...
[2026-06-24T01:02:35.432Z] [ERROR] [object Object]
[2026-06-24T01:02:36.441Z] [INFO] Started app and its services...
[2026-06-24T01:12:52.137Z] [ERROR] [object Object]
[2026-06-24T01:12:53.270Z] [INFO] Started app and its services...
[2026-06-24T01:27:09.676Z] [ERROR] [object Object]
[2026-06-24T01:27:10.422Z] [INFO] Started app and its services...
[2026-06-24T01:27:31.072Z] [ERROR] [object Object]
[2026-06-24T01:27:49.742Z] [ERROR] Unhandled rejection: undefined
Stack: undefined
[2026-06-24T01:33:08.511Z] [ERROR] [object Object]
[2026-06-24T01:33:09.202Z] [INFO] Started app and its services...
[2026-06-24T01:33:29.716Z] [ERROR] [object Object]
[2026-06-24T01:33:38.524Z] [ERROR] Unhandled rejection: undefined
Stack: undefined
[2026-06-24T01:43:55.304Z] [ERROR] [object Object]
[2026-06-24T01:43:56.726Z] [INFO] Started app and its services...
[2026-06-24T02:24:09.168Z] [ERROR] [object Object]
[2026-06-24T02:24:10.365Z] [INFO] Started app and its services...
[2026-06-24T02:34:17.716Z] [ERROR] [object Object]
[2026-06-24T02:34:19.223Z] [INFO] Started app and its services...
[2026-06-24T08:30:31.137Z] [ERROR] [object Object]
[2026-06-24T08:30:35.218Z] [INFO] Started app and its services...
[2026-06-24T12:17:53.458Z] [ERROR] [object Object]
[2026-06-24T12:17:54.516Z] [INFO] Started app and its services...
[2026-06-24T12:18:06.359Z] [ERROR] Unhandled rejection: undefined
Stack: undefined
[2026-06-24T12:37:07.678Z] [ERROR] [object Object]
[2026-06-24T12:37:08.712Z] [INFO] Started app and its services...
[2026-06-24T12:51:17.301Z] [ERROR] [object Object]
[2026-06-24T12:52:03.555Z] [ERROR] [object Object]
[2026-06-24T12:52:18.320Z] [ERROR] [object Object]
[2026-06-24T12:53:24.799Z] [ERROR] [object Object]
[2026-06-24T12:53:25.490Z] [INFO] Started app and its services...
[2026-06-24T12:54:35.249Z] [ERROR] [object Object]
[2026-06-24T12:55:14.116Z] [ERROR] Unhandled rejection: Path not found
Stack: undefined
[2026-06-24T14:07:36.505Z] [ERROR] Unhandled rejection: Path not found
Stack: undefined
[2026-06-24T14:08:13.526Z] [ERROR] [object Object]
[2026-06-24T14:11:48.335Z] [ERROR] Unhandled rejection: Path not found
Stack: undefined
[2026-06-24T14:13:21.470Z] [ERROR] [object Object]
[2026-06-24T14:14:15.642Z] [ERROR] [object Object]
[2026-06-24T14:15:38.831Z] [ERROR] [object Object]
[2026-06-24T14:17:33.343Z] [ERROR] [object Object]
[2026-06-24T14:17:39.221Z] [ERROR] Unhandled rejection: Path not found
Stack: undefined
[2026-06-24T14:22:27.227Z] [ERROR] [object Object]
[2026-06-24T14:22:28.226Z] [INFO] Started app and its services...
[2026-06-24T14:25:04.186Z] [ERROR] Unhandled rejection: Invalid modification
Stack: undefined
[2026-06-24T14:26:04.085Z] [ERROR] Error: Uncaught TypeError: o.getFile is not a function, Source: https://localhost/cordova.js, Line: 314, Column: 13, Stack: TypeError: o.getFile is not a function
    at https://localhost/build/main.js:2:1566757
    at https://localhost/plugins/cordova-plugin-file/www/resolveLocalFileSystemURI.js:76:25
    at require.getFs (https://localhost/plugins/cordova-plugin-file/www/fileSystems-roots.js:43:9)
    at success (https://localhost/plugins/cordova-plugin-file/www/resolveLocalFileSystemURI.js:70:33)
    at Object.callbackFromNative (https://localhost/cordova.js:295:58)
    at <anonymous>:1:9
[2026-06-24T14:26:08.485Z] [ERROR] Error: Uncaught TypeError: o.getFile is not a function, Source: https://localhost/cordova.js, Line: 314, Column: 13, Stack: TypeError: o.getFile is not a function
    at https://localhost/build/main.js:2:1566757
    at https://localhost/plugins/cordova-plugin-file/www/resolveLocalFileSystemURI.js:76:25
    at require.getFs (https://localhost/plugins/cordova-plugin-file/www/fileSystems-roots.js:43:9)
    at success (https://localhost/plugins/cordova-plugin-file/www/resolveLocalFileSystemURI.js:70:33)
    at Object.callbackFromNative (https://localhost/cordova.js:295:58)
    at <anonymous>:1:9
[2026-06-24T14:30:23.408Z] [ERROR] Error: Uncaught TypeError: o.getFile is not a function, Source: https://localhost/cordova.js, Line: 314, Column: 13, Stack: TypeError: o.getFile is not a function
    at https://localhost/build/main.js:2:1566757
    at https://localhost/plugins/cordova-plugin-file/www/resolveLocalFileSystemURI.js:76:25
    at require.getFs (https://localhost/plugins/cordova-plugin-file/www/fileSystems-roots.js:43:9)
    at success (https://localhost/plugins/cordova-plugin-file/www/resolveLocalFileSystemURI.js:70:33)
    at Object.callbackFromNative (https://localhost/cordova.js:295:58)
    at <anonymous>:1:9
[2026-06-24T14:36:00.985Z] [ERROR] Unhandled rejection: o.getFile is not a function
Stack: TypeError: o.getFile is not a function
    at https://localhost/build/main.js:2:1566757
    at https://localhost/plugins/cordova-plugin-file/www/resolveLocalFileSystemURI.js:76:25
    at require.getFs (https://localhost/plugins/cordova-plugin-file/www/fileSystems-roots.js:43:9)
    at success (https://localhost/plugins/cordova-plugin-file/www/resolveLocalFileSystemURI.js:70:33)
    at Object.callbackFromNative (https://localhost/cordova.js:295:58)
    at processMessage (https://localhost/cordova.js:1134:17)
    at processMessages (https://localhost/cordova.js:1157:9)
[2026-06-24T15:37:29.479Z] [ERROR] [object Object]
[2026-06-24T15:37:30.397Z] [INFO] Started app and its services...
[2026-06-24T15:47:59.594Z] [ERROR] [object Object]
[2026-06-24T15:48:00.480Z] [INFO] Started app and its services...
[2026-06-24T15:54:05.923Z] [ERROR] [object Object]
[2026-06-24T15:54:06.628Z] [INFO] Started app and its services...
[2026-06-24T16:04:44.380Z] [ERROR] [object Object]
[2026-06-24T16:04:45.292Z] [INFO] Started app and its services...
[2026-06-24T16:18:25.223Z] [ERROR] [object Object]
[2026-06-24T16:18:27.783Z] [INFO] Started app and its services...
[2026-06-24T16:53:43.095Z] [ERROR] [object Object]
[2026-06-24T16:53:44.496Z] [INFO] Started app and its services...
[2026-06-24T16:57:48.562Z] [ERROR] [object Object]
[2026-06-24T16:57:49.703Z] [INFO] Started app and its services...
[2026-06-24T17:06:28.804Z] [ERROR] [object Object]
[2026-06-24T17:06:29.915Z] [INFO] Started app and its services...
[2026-06-24T17:19:49.039Z] [ERROR] [object Object]
[2026-06-24T17:19:49.810Z] [INFO] Started app and its services...
[2026-06-24T17:28:04.007Z] [ERROR] [object Object]
[2026-06-24T17:28:05.042Z] [INFO] Started app and its services...
[2026-06-24T17:38:47.811Z] [ERROR] [object Object]
[2026-06-24T17:38:49.641Z] [INFO] Started app and its services...
[2026-06-24T17:40:54.627Z] [ERROR] Unhandled rejection: Path not found
Stack: undefined
[2026-06-24T17:44:07.101Z] [ERROR] Unhandled rejection: Path not found
Stack: undefined
[2026-06-24T17:47:51.312Z] [ERROR] Unhandled rejection: Path not found
Stack: undefined
[2026-06-24T17:48:11.181Z] [ERROR] Unhandled rejection: Path not found
Stack: undefined
[2026-06-24T17:48:45.657Z] [ERROR] Unhandled rejection: Path not found
Stack: undefined
[2026-06-24T17:54:22.128Z] [ERROR] [object Object]
[2026-06-24T17:54:22.838Z] [INFO] Started app and its services...
[2026-06-24T17:54:58.071Z] [ERROR] Unhandled rejection: Path not found
Stack: undefined
[2026-06-24T18:02:26.037Z] [ERROR] [object Object]
[2026-06-24T18:02:26.775Z] [INFO] Started app and its services...